
 Primary working directories    : /scratch/kee
 Secondary working directories  : /scratch/kee
 Wavefunction directory         : /home/kee/wfu/
 Main file repository           : /scratch/kee/

 ARCHNAME  : Linux/x86_64
 FC        : /opt/intel/composer_xe_2015.0.090/bin/intel64/ifort
 FCVERSION : 15.0.0
 BLASLIB   : -L/opt/intel/mkl/lib/intel64 -lmkl_intel_ilp64 -lmkl_sequential -lmkl_core
 id        : emory

 Nodes     nprocs
 node23       3
 Number of processes for MPI-2 version of Molpro:   nprocs(total)=    4   nprocs(compute)=    3   nprocs(helper)=    1
 ga_uses_ma=false, calling ma_init with nominal heap.
 GA-space will be limited to   8.0 MW (determined by -G option)

 Using customized tuning parameters: mindgm=7; mindgv=32; mindgc=1; mindgr=1; noblas=0; mincuda=1000; minvec=7
 default implementation of scratch files=sf  

  ***,For CO2-H2O-H2O v3b
  memory,200,m
  basis=avtz
  
  
  geomtyp=xyz
  geometry={
            9
  O -0.270090990000000        1.12015730000000      -0.133148820000000
  O  0.273064780000000       -1.11972411000000       0.135284410000000
  C  0.000000000000000E+000  0.000000000000000E+000  0.000000000000000E+000
  H -0.365636550000000       -2.01425644000000        2.89037769000000
  H  -1.53888274000000       -1.00885499000000        3.07514209000000
  O -0.678309970000000       -1.27458498000000        3.42755498000000
  H  0.705974060000000        1.58193502000000        3.06521478000000
  H  0.447809990000000       7.108137000000000E-002   3.39683828000000
  O   1.13790640000000       0.756479400000000        3.32500627000000
  }
  hf
  mp2
  
  v_trimer =EMP2
  
  geomtyp=xyz
  geometry={
            6
  O -0.270090990000000        1.12015730000000      -0.133148820000000
  O  0.273064780000000       -1.11972411000000       0.135284410000000
  C  0.000000000000000E+000  0.000000000000000E+000  0.000000000000000E+000
  H -0.365636550000000       -2.01425644000000        2.89037769000000
  H  -1.53888274000000       -1.00885499000000        3.07514209000000
  O -0.678309970000000       -1.27458498000000        3.42755498000000
  }
  hf
  mp2
  
  v_dimer(1)=EMP2
  
  
  geomtyp=xyz
  geometry={
            6
  O -0.270090990000000        1.12015730000000      -0.133148820000000
  O  0.273064780000000       -1.11972411000000       0.135284410000000
  C  0.000000000000000E+000  0.000000000000000E+000  0.000000000000000E+000
  H  0.705974060000000        1.58193502000000        3.06521478000000
  H  0.447809990000000       7.108137000000000E-002   3.39683828000000
  O   1.13790640000000       0.756479400000000        3.32500627000000
  }
  hf
  mp2
  
  v_dimer(2) =EMP2
  
  
  geomtyp=xyz
  geometry={
            6
  H -0.365636550000000       -2.01425644000000        2.89037769000000
  H  -1.53888274000000       -1.00885499000000        3.07514209000000
  O -0.678309970000000       -1.27458498000000        3.42755498000000
  H  0.705974060000000        1.58193502000000        3.06521478000000
  H  0.447809990000000       7.108137000000000E-002   3.39683828000000
  O   1.13790640000000       0.756479400000000        3.32500627000000
  }
  hf
  mp2
  
  v_dimer(3) =EMP2
  
  
  geomtyp=xyz
  geometry={
            3
  O -0.270090990000000        1.12015730000000      -0.133148820000000
  O  0.273064780000000       -1.11972411000000       0.135284410000000
  C  0.000000000000000E+000  0.000000000000000E+000  0.000000000000000E+000
  }
  hf
  mp2
  v_monomer(1) =EMP2
  
  
  geomtyp=xyz
  geometry={
            3
  H -0.365636550000000       -2.01425644000000        2.89037769000000
  H  -1.53888274000000       -1.00885499000000        3.07514209000000
  O -0.678309970000000       -1.27458498000000        3.42755498000000
  }
  hf
  mp2
  
  v_monomer(2) =EMP2
  
  
  geomtyp=xyz
  geometry={
            3
  H  0.705974060000000        1.58193502000000        3.06521478000000
  H  0.447809990000000       7.108137000000000E-002   3.39683828000000
  O   1.13790640000000       0.756479400000000        3.32500627000000
  }
  hf
  mp2
  
  v_monomer(3) =EMP2
  
  v2b(1) = v_dimer(1) - v_monomer(1) - v_monomer(2)
  v2b(2) = v_dimer(2) - v_monomer(1) - v_monomer(3)
  v2b(3) = v_dimer(3) - v_monomer(2) - v_monomer(3)
  v2ball = v2b(1) + v2b(2) + v2b(3)
  v1ball = v_monomer(1) + v_monomer(2) + v_monomer(3)
  v3b = v_trimer - v1ball - v2ball
  show,v_trimer,v_dimer,v_monomer,v1ball,v2b,v2ball,v3b

 Variables initialized (665), CPU time= 0.01 sec
 Commands  initialized (462), CPU time= 0.01 sec, 486 directives.
 Default parameters read. Elapsed time= 0.05 sec

 Checking input...
 Passed
1


                                         ***  PROGRAM SYSTEM MOLPRO  ***
                         Copyright, University College Cardiff Consultants Limited, 2008

                                    Version 2010.1 linked 9 Dec 2014 15:06:28 


 **********************************************************************************************************************************
 LABEL *                                                                                 
 Linux-2.6.32-504.el6.x86_64/node23(x86_64) 64 bit mpp version                           DATE: 19-Mar-17          TIME: 11:40:57  
 **********************************************************************************************************************************

 Patch level:      19
 **********************************************************************************************************************************

 Variable memory set to  200000000 words,  buffer space   230000 words

 SETTING BASIS          =    AVTZ
 SETTING GEOMTYP        =    XYZ


 Recomputing integrals since basis changed


 Using spherical harmonics

 Library entry O      S aug-cc-pVTZ          selected for orbital group  1
 Library entry O      P aug-cc-pVTZ          selected for orbital group  1
 Library entry O      D aug-cc-pVTZ          selected for orbital group  1
 Library entry O      F aug-cc-pVTZ          selected for orbital group  1
 Library entry C      S aug-cc-pVTZ          selected for orbital group  2
 Library entry C      P aug-cc-pVTZ          selected for orbital group  2
 Library entry C      D aug-cc-pVTZ          selected for orbital group  2
 Library entry C      F aug-cc-pVTZ          selected for orbital group  2
 Library entry H      S aug-cc-pVTZ          selected for orbital group  3
 Library entry H      P aug-cc-pVTZ          selected for orbital group  3
 Library entry H      D aug-cc-pVTZ          selected for orbital group  3

1PROGRAM * SEWARD (Integral evaluation for generally contracted gaussian basis sets)     Author: Roland Lindh, 1990

 Geometry written to block  1 of record 700


 Point group  C1  



 ATOMIC COORDINATES

 NR  ATOM    CHARGE       X              Y              Z

   1  O       8.00   -0.510398002    2.116790521   -0.251614805
   2  O       8.00    0.516017650   -2.115971911    0.255650485
   3  C       6.00    0.000000000    0.000000000    0.000000000
   4  H       1.00   -0.690952943   -3.806393030    5.462022250
   5  H       1.00   -2.908066927   -1.906459637    5.811176365
   6  O       8.00   -1.281820076   -2.408616543    6.477140213
   7  H       1.00    1.334097629    2.989423946    5.792416468
   8  H       1.00    0.846238240    0.134324322    6.419094062
   9  O       8.00    2.150331459    1.429538890    6.283351236

 Bond lengths in Bohr (Angstrom)

 1-3  2.191943941  2-3  2.192936048  4-6  1.825751229  5-6  1.827661956  7-9  1.827702382
     (1.159926777)     (1.160451778)     (0.966145940)     (0.967157053)     (0.967178445)

 8-9  1.843004616
     (0.975276039)

 Bond angles

  1-3-2  179.81978783   4-6-5  107.20057278   7-9-8  107.67245804

 NUCLEAR CHARGE:                   42
 NUMBER OF PRIMITIVE AOS:         443
 NUMBER OF SYMMETRY AOS:          390
 NUMBER OF CONTRACTIONS:          322   ( 322A   )
 NUMBER OF CORE ORBITALS:           5   (   5A   )
 NUMBER OF VALENCE ORBITALS:       24   (  24A   )


 NUCLEAR REPULSION ENERGY  158.59886331


 Eigenvalues of metric

         1 0.184E-03 0.214E-03 0.250E-03 0.276E-03 0.305E-03 0.326E-03 0.469E-03 0.605E-03


 Contracted 2-electron integrals neglected if value below      1.0D-11
 AO integral compression algorithm  1   Integral accuracy      1.0D-11

     4611.375 MB (compressed) written to integral file ( 38.3%)

     Node minimum: 1491.599 MB, node maximum: 1573.650 MB


 NUMBER OF SORTED TWO-ELECTRON INTEGRALS:  450727335.     BUFFER LENGTH:  32768
 NUMBER OF SEGMENTS:  15  SEGMENT LENGTH:   31997262      RECORD LENGTH: 524288

 Memory used in sort:      32.55 MW

 SORT1 READ  1506496891. AND WROTE   382416219. INTEGRALS IN   1101 RECORDS. CPU TIME:    19.65 SEC, REAL TIME:    31.83 SEC
 SORT2 READ  1144285570. AND WROTE  1352182006. INTEGRALS IN  18009 RECORDS. CPU TIME:     7.44 SEC, REAL TIME:    33.76 SEC

 Node minimum:   450710001.  Node maximum:   450744670. integrals

 OPERATOR DM      FOR CENTER  0  COORDINATES:    0.000000    0.000000    0.000000


 **********************************************************************************************************************************
 DATASETS  * FILE   NREC   LENGTH (MB)   RECORD NAMES
              1      18        6.54       500      610      700      900      950      970     1000      129      960     1100   
                                          VAR    BASINP    GEOM    SYMINP    ZMAT    AOBASIS   BASIS     P2S    ABASIS      S 
                                         1400     1410     1200     1210     1080     1600     1650     1700   
                                           T        V       H0       H01     AOSYM     SMH    MOLCAS    OPER   

 PROGRAMS   *        TOTAL       INT
 CPU TIMES  *        42.82     42.72
 REAL TIME  *        82.18 SEC
 DISK USED  *        18.24 GB      
 GA USED    *         0.00 MB       (max)       0.00 MB       (current)
 **********************************************************************************************************************************

1PROGRAM * RHF-SCF (CLOSED SHELL)       Authors: W. Meyer, H.-J. Werner


 NUMBER OF ELECTRONS:      21+   21-    SPACE SYMMETRY=1    SPIN SYMMETRY=Singlet 
 CONVERGENCE THRESHOLDS:    1.00E-05 (Density)    1.00E-07 (Energy)
 MAX. NUMBER OF ITERATIONS:       60
 INTERPOLATION TYPE:            DIIS
 INTERPOLATION STEPS:              2 (START)      1 (STEP)
 LEVEL SHIFTS:                  0.00 (CLOSED)  0.00 (OPEN) 



 Orbital guess generated from atomic densities. Full valence occupancy:   29

 Molecular orbital dump at record        2100.2

 ITERATION    DDIFF          GRAD             ENERGY        2-EL.EN.            DIPOLE MOMENTS         DIIS
    1      0.000D+00      0.000D+00      -339.69257985    571.051708   -1.78602   -0.50848   -1.05249    0
    2      0.000D+00      0.375D-02      -339.78152678    564.014408   -1.09680   -0.48526   -0.60238    1
    3      0.610D-02      0.246D-02      -339.83187420    567.627230   -1.25008   -0.45686   -0.70301    2
    4      0.241D-02      0.255D-03      -339.83261895    567.385648   -1.24792   -0.44230   -0.70674    3
    5      0.317D-03      0.777D-04      -339.83270750    567.362488   -1.23727   -0.44125   -0.70130    4
    6      0.115D-03      0.311D-04      -339.83271931    567.386775   -1.23690   -0.43917   -0.70165    5
    7      0.381D-04      0.709D-05      -339.83272049    567.375727   -1.23596   -0.43933   -0.70128    6
    8      0.130D-04      0.181D-05      -339.83272056    567.377312   -1.23596   -0.43888   -0.70129    7
    9      0.339D-05      0.116D-05      -339.83272057    567.377327   -1.23582   -0.43922   -0.70124    0

 Final occupancy:  21

 !RHF STATE 1.1 Energy               -339.832720569614
 Nuclear energy                       158.59886331
 One-electron energy                 -782.12024748
 Two-electron energy                  283.68866359
 Virial quotient                       -1.00175094
 !RHF STATE 1.1 Dipole moment          -1.23581996    -0.43921826    -0.70123632
 Dipole moment /Debye                  -3.14093529    -1.11630835    -1.78224819

 Orbital energies:

         1.1          2.1          3.1          4.1          5.1          6.1          7.1          8.1          9.1         10.1
    -20.658321   -20.657985   -20.599494   -20.532686   -11.466938    -1.537544    -1.484636    -1.384983    -1.314268    -0.807206

        11.1         12.1         13.1         14.1         15.1         16.1         17.1         18.1         19.1         20.1
     -0.752440    -0.749498    -0.722085    -0.720915    -0.702447    -0.612724    -0.563899    -0.550732    -0.550497    -0.524312

        21.1         22.1         23.1
     -0.477848     0.021223     0.045179


 **********************************************************************************************************************************
 DATASETS  * FILE   NREC   LENGTH (MB)   RECORD NAMES
              1      18        6.54       500      610      700      900      950      970     1000      129      960     1100   
                                          VAR    BASINP    GEOM    SYMINP    ZMAT    AOBASIS   BASIS     P2S    ABASIS      S 
                                         1400     1410     1200     1210     1080     1600     1650     1700   
                                           T        V       H0       H01     AOSYM     SMH    MOLCAS    OPER   

              2       3        2.52       700     1000     2100   
                                         GEOM     BASIS     RHF  

 PROGRAMS   *        TOTAL        HF       INT
 CPU TIMES  *        86.16     43.34     42.72
 REAL TIME  *       127.55 SEC
 DISK USED  *        18.30 GB      
 SF USED    *         0.42 MB      
 GA USED    *         0.00 MB       (max)       0.00 MB       (current)
 **********************************************************************************************************************************


1PROGRAM * MP2 (Closed-shell)     Authors: C. Hampel, H.-J. Werner, 1991, M. Deegan, P.J. Knowles, 1992


 Convergence thresholds:  THRVAR = 1.00D-08  THRDEN = 1.00D-06

 Number of core orbitals:           5 (   5 )
 Number of closed-shell orbitals:  16 (  16 )
 Number of external orbitals:     301 ( 301 )

 Molecular orbitals read from record     2100.2  Type=RHF/CANONICAL (state 1.1)

 Number of N-1 electron functions:              16
 Number of N-2 electron functions:             136
 Number of singly external CSFs:              4816
 Number of doubly external CSFs:          11599336
 Total number of CSFs:                    11604153

 Length of J-op  integral file:               0.00 MB
 Length of K-op  integral file:               7.14 MB

 Integral transformation finished. Total CPU:  17.68 sec, npass=  1  Memory used:  25.39 MW

 Memory needed for MP2:                      0.51 MW

 SCS-MP2 correlation energy:           -1.129336344506   (PS=  1.200000  PT=  0.333333)
 SCS-MP2 total energy:               -340.962056914120


  Reference energy                   -339.832720569614
  MP2 singlet pair energy              -0.710328781367
  MP2 triplet pair energy              -0.445085046747
  MP2 correlation energy               -1.155413828115

 !MP2 total energy                   -340.988134397728


 **********************************************************************************************************************************
 DATASETS  * FILE   NREC   LENGTH (MB)   RECORD NAMES
              1      19      177.94       500      610      700      900      950      970     1000      129      960     1100   
                                          VAR    BASINP    GEOM    SYMINP    ZMAT    AOBASIS   BASIS     P2S    ABASIS      S 
                                         1400     1410     1200     1210     1080     1600     1650     1700     1380   
                                           T        V       H0       H01     AOSYM     SMH    MOLCAS    OPER     JKOP   

              2       3        2.52       700     1000     2100   
                                         GEOM     BASIS     RHF  

 PROGRAMS   *        TOTAL       MP2        HF       INT
 CPU TIMES  *       104.40     18.24     43.34     42.72
 REAL TIME  *       146.44 SEC
 DISK USED  *        18.30 GB      
 SF USED    *       426.00 MB      
 GA USED    *         0.00 MB       (max)       0.00 MB       (current)
 **********************************************************************************************************************************
 SETTING V_TRIMER       =      -340.98813440  AU                              
 SETTING GEOMTYP        =    XYZ


 Recomputing integrals since geometry and symmetry changed


 Using spherical harmonics

 Library entry O      S aug-cc-pVTZ          selected for orbital group  1
 Library entry O      P aug-cc-pVTZ          selected for orbital group  1
 Library entry O      D aug-cc-pVTZ          selected for orbital group  1
 Library entry O      F aug-cc-pVTZ          selected for orbital group  1
 Library entry C      S aug-cc-pVTZ          selected for orbital group  2
 Library entry C      P aug-cc-pVTZ          selected for orbital group  2
 Library entry C      D aug-cc-pVTZ          selected for orbital group  2
 Library entry C      F aug-cc-pVTZ          selected for orbital group  2
 Library entry H      S aug-cc-pVTZ          selected for orbital group  3
 Library entry H      P aug-cc-pVTZ          selected for orbital group  3
 Library entry H      D aug-cc-pVTZ          selected for orbital group  3

1PROGRAM * SEWARD (Integral evaluation for generally contracted gaussian basis sets)     Author: Roland Lindh, 1990

 Geometry written to block  1 of record 701


 Point group  C1  



 ATOMIC COORDINATES

 NR  ATOM    CHARGE       X              Y              Z

   1  O       8.00   -0.510398002    2.116790521   -0.251614805
   2  O       8.00    0.516017650   -2.115971911    0.255650485
   3  C       6.00    0.000000000    0.000000000    0.000000000
   4  H       1.00   -0.690952943   -3.806393030    5.462022250
   5  H       1.00   -2.908066927   -1.906459637    5.811176365
   6  O       8.00   -1.281820076   -2.408616543    6.477140213

 Bond lengths in Bohr (Angstrom)

 1-3  2.191943941  2-3  2.192936048  4-6  1.825751229  5-6  1.827661956
     (1.159926777)     (1.160451778)     (0.966145940)     (0.967157053)

 Bond angles

  1-3-2  179.81978783   4-6-5  107.20057278

 NUCLEAR CHARGE:                   32
 NUMBER OF PRIMITIVE AOS:         322
 NUMBER OF SYMMETRY AOS:          282
 NUMBER OF CONTRACTIONS:          230   ( 230A   )
 NUMBER OF CORE ORBITALS:           4   (   4A   )
 NUMBER OF VALENCE ORBITALS:       18   (  18A   )

 MOLECULE CHANGED: INITIALIZING OCCUPATION AND DUMP RECORDS


 NUCLEAR REPULSION ENERGY   98.49137637


 Eigenvalues of metric

         1 0.307E-03 0.333E-03 0.338E-03 0.378E-03 0.830E-03 0.877E-03 0.144E-02 0.160E-02


 Contracted 2-electron integrals neglected if value below      1.0D-11
 AO integral compression algorithm  1   Integral accuracy      1.0D-11

     1320.419 MB (compressed) written to integral file ( 40.2%)

     Node minimum: 431.751 MB, node maximum: 446.693 MB


 NUMBER OF SORTED TWO-ELECTRON INTEGRALS:  117629820.     BUFFER LENGTH:  32768
 NUMBER OF SEGMENTS:   8  SEGMENT LENGTH:   15997437      RECORD LENGTH: 524288

 Memory used in sort:      16.55 MW

 SORT1 READ   410697961. AND WROTE   101177775. INTEGRALS IN    293 RECORDS. CPU TIME:     5.07 SEC, REAL TIME:     5.92 SEC
 SORT2 READ   303648365. AND WROTE   352862895. INTEGRALS IN   5058 RECORDS. CPU TIME:     1.74 SEC, REAL TIME:     2.37 SEC

 Node minimum:   117612110.  Node maximum:   117629820. integrals

 OPERATOR DM      FOR CENTER  0  COORDINATES:    0.000000    0.000000    0.000000


 **********************************************************************************************************************************
 DATASETS  * FILE   NREC   LENGTH (MB)   RECORD NAMES
              1      19        4.94       500      610      700      701      900      950      970     1001      129      960   
                                          VAR    BASINP    GEOM     GEOM    SYMINP    ZMAT    AOBASIS   BASIS     P2S    ABASIS    
                                         1100     1400     1410     1200     1210     1080     1600     1650     1700   
                                           S        T        V       H0       H01     AOSYM     SMH    MOLCAS    OPER   

              2       5        4.92       700     1000     2100      701     1001   
                                         GEOM     BASIS     RHF     GEOM     BASIS   

 PROGRAMS   *        TOTAL       INT       MP2        HF       INT
 CPU TIMES  *       115.58     11.17     18.24     43.34     42.72
 REAL TIME  *       159.58 SEC
 DISK USED  *        18.79 GB      
 SF USED    *       426.00 MB      
 GA USED    *         0.00 MB       (max)       0.00 MB       (current)
 **********************************************************************************************************************************

1PROGRAM * RHF-SCF (CLOSED SHELL)       Authors: W. Meyer, H.-J. Werner


 NUMBER OF ELECTRONS:      16+   16-    SPACE SYMMETRY=1    SPIN SYMMETRY=Singlet 
 CONVERGENCE THRESHOLDS:    1.00E-05 (Density)    1.00E-07 (Energy)
 MAX. NUMBER OF ITERATIONS:       60
 INTERPOLATION TYPE:            DIIS
 INTERPOLATION STEPS:              2 (START)      1 (STEP)
 LEVEL SHIFTS:                  0.00 (CLOSED)  0.00 (OPEN) 



 Orbital guess generated from atomic densities. Full valence occupancy:   22

 Molecular orbital dump at record        2101.2

 ITERATION    DDIFF          GRAD             ENERGY        2-EL.EN.            DIPOLE MOMENTS         DIIS
    1      0.000D+00      0.000D+00      -263.66222014    392.069007   -0.53517   -0.45798   -0.87403    0
    2      0.000D+00      0.466D-02      -263.72683818    387.805090   -0.28885   -0.24058   -0.51336    1
    3      0.746D-02      0.315D-02      -263.76936714    390.270155   -0.34784   -0.30274   -0.59556    2
    4      0.307D-02      0.297D-03      -263.76985959    390.053700   -0.35235   -0.29772   -0.59826    3
    5      0.355D-03      0.872D-04      -263.76991697    390.059184   -0.34781   -0.30126   -0.59334    4
    6      0.132D-03      0.359D-04      -263.76992441    390.072887   -0.34884   -0.29839   -0.59409    5
    7      0.441D-04      0.961D-05      -263.76992522    390.065301   -0.34827   -0.29962   -0.59365    6
    8      0.152D-04      0.310D-05      -263.76992529    390.065505   -0.34840   -0.29896   -0.59367    7
    9      0.434D-05      0.180D-05      -263.76992530    390.066106   -0.34831   -0.29931   -0.59365    0

 Final occupancy:  16

 !RHF STATE 1.1 Energy               -263.769925297836
 Nuclear energy                        98.49137637
 One-electron energy                 -557.29435443
 Two-electron energy                  195.03305276
 Virial quotient                       -1.00187831
 !RHF STATE 1.1 Dipole moment          -0.34831227    -0.29931327    -0.59365238
 Dipole moment /Debye                  -0.88526350    -0.76072863    -1.50881503

 Orbital energies:

         1.1          2.1          3.1          4.1          5.1          6.1          7.1          8.1          9.1         10.1
    -20.656529   -20.656070   -20.569361   -11.464803    -1.535635    -1.482660    -1.349012    -0.805054    -0.747983    -0.720532

        11.1         12.1         13.1         14.1         15.1         16.1         17.1         18.1
     -0.719689    -0.718458    -0.580243    -0.548865    -0.548553    -0.510677     0.029832     0.049324


 **********************************************************************************************************************************
 DATASETS  * FILE   NREC   LENGTH (MB)   RECORD NAMES
              1      19        4.94       500      610      700      701      900      950      970     1001      129      960   
                                          VAR    BASINP    GEOM     GEOM    SYMINP    ZMAT    AOBASIS   BASIS     P2S    ABASIS    
                                         1100     1400     1410     1200     1210     1080     1600     1650     1700   
                                           S        T        V       H0       H01     AOSYM     SMH    MOLCAS    OPER   

              2       6        6.01       700     1000     2100      701     1001     2101   
                                         GEOM     BASIS     RHF     GEOM     BASIS     RHF  

 PROGRAMS   *        TOTAL        HF       INT       MP2        HF       INT
 CPU TIMES  *       125.64     10.06     11.17     18.24     43.34     42.72
 REAL TIME  *       170.20 SEC
 DISK USED  *        18.79 GB      
 SF USED    *       426.00 MB      
 GA USED    *         0.00 MB       (max)       0.00 MB       (current)
 **********************************************************************************************************************************


1PROGRAM * MP2 (Closed-shell)     Authors: C. Hampel, H.-J. Werner, 1991, M. Deegan, P.J. Knowles, 1992


 Convergence thresholds:  THRVAR = 1.00D-08  THRDEN = 1.00D-06

 Number of core orbitals:           4 (   4 )
 Number of closed-shell orbitals:  12 (  12 )
 Number of external orbitals:     214 ( 214 )

 Molecular orbitals read from record     2101.2  Type=RHF/CANONICAL (state 1.1)

 Number of N-1 electron functions:              12
 Number of N-2 electron functions:              78
 Number of singly external CSFs:              2568
 Number of doubly external CSFs:           3298596
 Total number of CSFs:                     3301165

 Length of J-op  integral file:               0.00 MB
 Length of K-op  integral file:               3.65 MB

 Integral transformation finished. Total CPU:   3.44 sec, npass=  1  Memory used:   8.03 MW

 Memory needed for MP2:                      0.26 MW

 SCS-MP2 correlation energy:           -0.859513758916   (PS=  1.200000  PT=  0.333333)
 SCS-MP2 total energy:               -264.629439056752


  Reference energy                   -263.769925297836
  MP2 singlet pair energy              -0.538193800496
  MP2 triplet pair energy              -0.343416211588
  MP2 correlation energy               -0.881610012083

 !MP2 total energy                   -264.651535309919


 **********************************************************************************************************************************
 DATASETS  * FILE   NREC   LENGTH (MB)   RECORD NAMES
              1      20       55.52       500      610      700      701      900      950      970     1001      129      960   
                                          VAR    BASINP    GEOM     GEOM    SYMINP    ZMAT    AOBASIS   BASIS     P2S    ABASIS    
                                         1100     1400     1410     1200     1210     1080     1600     1650     1700     1380   
                                           S        T        V       H0       H01     AOSYM     SMH    MOLCAS    OPER     JKOP   

              2       6        6.01       700     1000     2100      701     1001     2101   
                                         GEOM     BASIS     RHF     GEOM     BASIS     RHF  

 PROGRAMS   *        TOTAL       MP2        HF       INT       MP2        HF       INT
 CPU TIMES  *       129.22      3.58     10.06     11.17     18.24     43.34     42.72
 REAL TIME  *       173.97 SEC
 DISK USED  *        18.79 GB      
 SF USED    *       426.00 MB      
 GA USED    *         0.00 MB       (max)       0.00 MB       (current)
 **********************************************************************************************************************************
 SETTING V_DIMER(1)     =      -264.65153531  AU                              
 SETTING GEOMTYP        =    XYZ


 Recomputing integrals since geometry changed

1PROGRAM * SEWARD (Integral evaluation for generally contracted gaussian basis sets)     Author: Roland Lindh, 1990

 Geometry written to block  1 of record 701


 Point group  C1  



 ATOMIC COORDINATES

 NR  ATOM    CHARGE       X              Y              Z

   1  O       8.00   -0.510398002    2.116790521   -0.251614805
   2  O       8.00    0.516017650   -2.115971911    0.255650485
   3  C       6.00    0.000000000    0.000000000    0.000000000
   4  H       1.00    1.334097629    2.989423946    5.792416468
   5  H       1.00    0.846238240    0.134324322    6.419094062
   6  O       8.00    2.150331459    1.429538890    6.283351236

 Bond lengths in Bohr (Angstrom)

 1-3  2.191943941  2-3  2.192936048  4-6  1.827702382  5-6  1.843004616
     (1.159926777)     (1.160451778)     (0.967178445)     (0.975276039)

 Bond angles

  1-3-2  179.81978783   4-6-5  107.67245804

 NUCLEAR CHARGE:                   32
 NUMBER OF PRIMITIVE AOS:         322
 NUMBER OF SYMMETRY AOS:          282
 NUMBER OF CONTRACTIONS:          230   ( 230A   )
 NUMBER OF CORE ORBITALS:           4   (   4A   )
 NUMBER OF VALENCE ORBITALS:       18   (  18A   )


 NUCLEAR REPULSION ENERGY   98.92746019


 Eigenvalues of metric

         1 0.319E-03 0.324E-03 0.343E-03 0.389E-03 0.844E-03 0.880E-03 0.155E-02 0.161E-02


 Contracted 2-electron integrals neglected if value below      1.0D-11
 AO integral compression algorithm  1   Integral accuracy      1.0D-11

     1338.507 MB (compressed) written to integral file ( 40.7%)

     Node minimum: 434.635 MB, node maximum: 452.198 MB


 NUMBER OF SORTED TWO-ELECTRON INTEGRALS:  117629820.     BUFFER LENGTH:  32768
 NUMBER OF SEGMENTS:   8  SEGMENT LENGTH:   15997437      RECORD LENGTH: 524288

 Memory used in sort:      16.55 MW

 SORT1 READ   410697961. AND WROTE   102867379. INTEGRALS IN    298 RECORDS. CPU TIME:     5.15 SEC, REAL TIME:     5.99 SEC
 SORT2 READ   308315750. AND WROTE   352862895. INTEGRALS IN   5169 RECORDS. CPU TIME:     1.79 SEC, REAL TIME:     2.40 SEC

 Node minimum:   117612110.  Node maximum:   117629820. integrals

 OPERATOR DM      FOR CENTER  0  COORDINATES:    0.000000    0.000000    0.000000


 **********************************************************************************************************************************
 DATASETS  * FILE   NREC   LENGTH (MB)   RECORD NAMES
              1      19        4.94       500      610      700      701      900      950      970     1001      129      960   
                                          VAR    BASINP    GEOM     GEOM    SYMINP    ZMAT    AOBASIS   BASIS     P2S    ABASIS    
                                         1100     1400     1410     1200     1210     1080     1600     1650     1700   
                                           S        T        V       H0       H01     AOSYM     SMH    MOLCAS    OPER   

              2       6        6.01       700     1000     2100      701     1001     2101   
                                         GEOM     BASIS     RHF     GEOM     BASIS     RHF  

 PROGRAMS   *        TOTAL       INT       MP2        HF       INT       MP2        HF       INT
 CPU TIMES  *       140.53     11.31      3.58     10.06     11.17     18.24     43.34     42.72
 REAL TIME  *       187.05 SEC
 DISK USED  *        18.79 GB      
 SF USED    *       426.00 MB      
 GA USED    *         0.00 MB       (max)       0.00 MB       (current)
 **********************************************************************************************************************************

1PROGRAM * RHF-SCF (CLOSED SHELL)       Authors: W. Meyer, H.-J. Werner


 NUMBER OF ELECTRONS:      16+   16-    SPACE SYMMETRY=1    SPIN SYMMETRY=Singlet 
 CONVERGENCE THRESHOLDS:    1.00E-05 (Density)    1.00E-07 (Energy)
 MAX. NUMBER OF ITERATIONS:       60
 INTERPOLATION TYPE:            DIIS
 INTERPOLATION STEPS:              2 (START)      1 (STEP)
 LEVEL SHIFTS:                  0.00 (CLOSED)  0.00 (OPEN) 



 Molecular orbitals read from record     2101.2  Type=RHF/CANONICAL (state 1.1)

 Molecular orbital dump at record        2102.2

 ITERATION    DDIFF          GRAD             ENERGY        2-EL.EN.            DIPOLE MOMENTS         DIIS
    1      0.000D+00      0.000D+00      -262.44251111    396.086358   -1.22229    0.44973   -0.35733    0
    2      0.000D+00      0.994D-02      -263.60079201    387.636366   -0.62933    0.51210   -0.05920    1
    3      0.329D-01      0.452D-02      -263.73194240    392.102632   -0.84713    0.23846   -0.09651    2
    4      0.556D-02      0.182D-02      -263.76388384    390.725472   -0.70453    0.11842   -0.08026    3
    5      0.288D-02      0.560D-03      -263.76875244    390.994525   -0.72110    0.10802   -0.10415    4
    6      0.975D-03      0.147D-03      -263.76918938    390.963030   -0.71603    0.08616   -0.11205    5
    7      0.347D-03      0.369D-04      -263.76920747    390.967681   -0.71874    0.09361   -0.11629    6
    8      0.650D-04      0.192D-04      -263.76921063    390.965429   -0.71801    0.08964   -0.11686    7
    9      0.250D-04      0.684D-05      -263.76921117    390.964210   -0.71821    0.09035   -0.11743    8
   10      0.999D-05      0.143D-05      -263.76921121    390.964735   -0.71819    0.09025   -0.11755    8
   11      0.334D-05      0.582D-06      -263.76921121    390.964364   -0.71819    0.09028   -0.11755    0

 Final occupancy:  16

 !RHF STATE 1.1 Energy               -263.769211211322
 Nuclear energy                        98.92746019
 One-electron energy                 -558.17885329
 Two-electron energy                  195.48218188
 Virial quotient                       -1.00194797
 !RHF STATE 1.1 Dipole moment          -0.71819405     0.09027865    -0.11755283
 Dipole moment /Debye                  -1.82534763     0.22945041    -0.29876992

 Orbital energies:

         1.1          2.1          3.1          4.1          5.1          6.1          7.1          8.1          9.1         10.1
    -20.655049   -20.654234   -20.573829   -11.462996    -1.533957    -1.480940    -1.350189    -0.803063    -0.745954    -0.721647

        11.1         12.1         13.1         14.1         15.1         16.1         17.1         18.1
     -0.718136    -0.717531    -0.581717    -0.547032    -0.546717    -0.514254     0.029329     0.049144


 **********************************************************************************************************************************
 DATASETS  * FILE   NREC   LENGTH (MB)   RECORD NAMES
              1      19        4.94       500      610      700      701      900      950      970     1001      129      960   
                                          VAR    BASINP    GEOM     GEOM    SYMINP    ZMAT    AOBASIS   BASIS     P2S    ABASIS    
                                         1100     1400     1410     1200     1210     1080     1600     1650     1700   
                                           S        T        V       H0       H01     AOSYM     SMH    MOLCAS    OPER   

              2       7        8.18       700     1000     2100      701     1001     2101     2102   
                                         GEOM     BASIS     RHF     GEOM     BASIS     RHF      RHF  

 PROGRAMS   *        TOTAL        HF       INT       MP2        HF       INT       MP2        HF       INT
 CPU TIMES  *       151.74     11.21     11.31      3.58     10.06     11.17     18.24     43.34     42.72
 REAL TIME  *       198.89 SEC
 DISK USED  *        18.79 GB      
 SF USED    *       426.00 MB      
 GA USED    *         0.00 MB       (max)       0.00 MB       (current)
 **********************************************************************************************************************************


1PROGRAM * MP2 (Closed-shell)     Authors: C. Hampel, H.-J. Werner, 1991, M. Deegan, P.J. Knowles, 1992


 Convergence thresholds:  THRVAR = 1.00D-08  THRDEN = 1.00D-06

 Number of core orbitals:           4 (   4 )
 Number of closed-shell orbitals:  12 (  12 )
 Number of external orbitals:     214 ( 214 )

 Molecular orbitals read from record     2102.2  Type=RHF/CANONICAL (state 1.1)

 Number of N-1 electron functions:              12
 Number of N-2 electron functions:              78
 Number of singly external CSFs:              2568
 Number of doubly external CSFs:           3298596
 Total number of CSFs:                     3301165

 Length of J-op  integral file:               0.00 MB
 Length of K-op  integral file:               3.65 MB

 Integral transformation finished. Total CPU:   3.40 sec, npass=  1  Memory used:   8.03 MW

 Memory needed for MP2:                      0.26 MW

 SCS-MP2 correlation energy:           -0.859891468830   (PS=  1.200000  PT=  0.333333)
 SCS-MP2 total energy:               -264.629102680152


  Reference energy                   -263.769211211322
  MP2 singlet pair energy              -0.538439738606
  MP2 triplet pair energy              -0.343548936164
  MP2 correlation energy               -0.881988674770

 !MP2 total energy                   -264.651199886092


 **********************************************************************************************************************************
 DATASETS  * FILE   NREC   LENGTH (MB)   RECORD NAMES
              1      20       55.52       500      610      700      701      900      950      970     1001      129      960   
                                          VAR    BASINP    GEOM     GEOM    SYMINP    ZMAT    AOBASIS   BASIS     P2S    ABASIS    
                                         1100     1400     1410     1200     1210     1080     1600     1650     1700     1380   
                                           S        T        V       H0       H01     AOSYM     SMH    MOLCAS    OPER     JKOP   

              2       7        8.18       700     1000     2100      701     1001     2101     2102   
                                         GEOM     BASIS     RHF     GEOM     BASIS     RHF      RHF  

 PROGRAMS   *        TOTAL       MP2        HF       INT       MP2        HF       INT       MP2        HF       INT
 CPU TIMES  *       155.28      3.54     11.21     11.31      3.58     10.06     11.17     18.24     43.34     42.72
 REAL TIME  *       202.61 SEC
 DISK USED  *        18.79 GB      
 SF USED    *       426.00 MB      
 GA USED    *         0.00 MB       (max)       0.00 MB       (current)
 **********************************************************************************************************************************
 SETTING V_DIMER(2)     =      -264.65119989  AU                              
 SETTING GEOMTYP        =    XYZ


 Recomputing integrals since geometry and symmetry changed


 Using spherical harmonics

 Library entry H      S aug-cc-pVTZ          selected for orbital group  1
 Library entry H      P aug-cc-pVTZ          selected for orbital group  1
 Library entry H      D aug-cc-pVTZ          selected for orbital group  1
 Library entry O      S aug-cc-pVTZ          selected for orbital group  2
 Library entry O      P aug-cc-pVTZ          selected for orbital group  2
 Library entry O      D aug-cc-pVTZ          selected for orbital group  2
 Library entry O      F aug-cc-pVTZ          selected for orbital group  2

1PROGRAM * SEWARD (Integral evaluation for generally contracted gaussian basis sets)     Author: Roland Lindh, 1990

 Geometry written to block  1 of record 702


 Point group  C1  



 ATOMIC COORDINATES

 NR  ATOM    CHARGE       X              Y              Z

   1  H       1.00   -0.690952943   -3.806393030    5.462022250
   2  H       1.00   -2.908066927   -1.906459637    5.811176365
   3  O       8.00   -1.281820076   -2.408616543    6.477140213
   4  H       1.00    1.334097629    2.989423946    5.792416468
   5  H       1.00    0.846238240    0.134324322    6.419094062
   6  O       8.00    2.150331459    1.429538890    6.283351236

 Bond lengths in Bohr (Angstrom)

 1-3  1.825751229  2-3  1.827661956  4-6  1.827702382  5-6  1.843004616
     (0.966145940)     (0.967157053)     (0.967178445)     (0.975276039)

 Bond angles

  1-3-2  107.20057278   4-6-5  107.67245804

 NUCLEAR CHARGE:                   20
 NUMBER OF PRIMITIVE AOS:         242
 NUMBER OF SYMMETRY AOS:          216
 NUMBER OF CONTRACTIONS:          184   ( 184A   )
 NUMBER OF CORE ORBITALS:           2   (   2A   )
 NUMBER OF VALENCE ORBITALS:       12   (  12A   )

 MOLECULE CHANGED: INITIALIZING OCCUPATION AND DUMP RECORDS


 NUCLEAR REPULSION ENERGY   37.71674509


 Eigenvalues of metric

         1 0.234E-03 0.248E-03 0.297E-03 0.346E-03 0.640E-03 0.980E-03 0.123E-02 0.146E-02


 Contracted 2-electron integrals neglected if value below      1.0D-11
 AO integral compression algorithm  1   Integral accuracy      1.0D-11

     661.651 MB (compressed) written to integral file ( 48.0%)

     Node minimum: 216.793 MB, node maximum: 224.657 MB


 NUMBER OF SORTED TWO-ELECTRON INTEGRALS:   48282903.     BUFFER LENGTH:  32768
 NUMBER OF SEGMENTS:   4  SEGMENT LENGTH:   15995235      RECORD LENGTH: 524288

 Memory used in sort:      16.55 MW

 SORT1 READ   172514636. AND WROTE    45901037. INTEGRALS IN    133 RECORDS. CPU TIME:     2.21 SEC, REAL TIME:     2.60 SEC
 SORT2 READ   137311222. AND WROTE   144848710. INTEGRALS IN   2571 RECORDS. CPU TIME:     0.77 SEC, REAL TIME:     1.07 SEC

 Node minimum:    48277230.  Node maximum:    48288577. integrals

 OPERATOR DM      FOR CENTER  0  COORDINATES:    0.000000    0.000000    0.000000


 **********************************************************************************************************************************
 DATASETS  * FILE   NREC   LENGTH (MB)   RECORD NAMES
              1      19        4.23       500      610      700      702      900      950      970     1002      129      960   
                                          VAR    BASINP    GEOM     GEOM    SYMINP    ZMAT    AOBASIS   BASIS     P2S    ABASIS    
                                         1100     1400     1410     1200     1210     1080     1600     1650     1700   
                                           S        T        V       H0       H01     AOSYM     SMH    MOLCAS    OPER   

              2       9        9.54       700     1000     2100      701     1001     2101     2102      702     1002   
                                         GEOM     BASIS     RHF     GEOM     BASIS     RHF      RHF     GEOM     BASIS   

 PROGRAMS   *        TOTAL       INT       MP2        HF       INT       MP2        HF       INT       MP2        HF       INT
 CPU TIMES  *       159.95      4.66      3.54     11.21     11.31      3.58     10.06     11.17     18.24     43.34     42.72
 REAL TIME  *       208.16 SEC
 DISK USED  *        18.79 GB      
 SF USED    *       426.00 MB      
 GA USED    *         0.00 MB       (max)       0.00 MB       (current)
 **********************************************************************************************************************************

1PROGRAM * RHF-SCF (CLOSED SHELL)       Authors: W. Meyer, H.-J. Werner


 NUMBER OF ELECTRONS:      10+   10-    SPACE SYMMETRY=1    SPIN SYMMETRY=Singlet 
 CONVERGENCE THRESHOLDS:    1.00E-05 (Density)    1.00E-07 (Energy)
 MAX. NUMBER OF ITERATIONS:       60
 INTERPOLATION TYPE:            DIIS
 INTERPOLATION STEPS:              2 (START)      1 (STEP)
 LEVEL SHIFTS:                  0.00 (CLOSED)  0.00 (OPEN) 



 Orbital guess generated from atomic densities. Full valence occupancy:   14

 Molecular orbital dump at record        2103.2

 ITERATION    DDIFF          GRAD             ENERGY        2-EL.EN.            DIPOLE MOMENTS         DIIS
    1      0.000D+00      0.000D+00      -152.05147244    193.927440   -1.78438   -0.51133   -1.04278    0
    2      0.000D+00      0.447D-02      -152.10257620    187.250319   -1.17082   -0.51731   -0.61354    1
    3      0.755D-02      0.270D-02      -152.12129914    190.125544   -1.30694   -0.48114   -0.71265    2
    4      0.261D-02      0.277D-03      -152.12170963    189.953041   -1.29275   -0.46965   -0.71177    3
    5      0.384D-03      0.736D-04      -152.12174705    189.967167   -1.28799   -0.46590   -0.70886    4
    6      0.111D-03      0.207D-04      -152.12174984    189.969928   -1.28672   -0.46525   -0.70912    5
    7      0.322D-04      0.966D-05      -152.12175030    189.967701   -1.28648   -0.46485   -0.70880    6
    8      0.129D-04      0.173D-05      -152.12175034    189.967989   -1.28629   -0.46482   -0.70872    7
    9      0.386D-05      0.527D-06      -152.12175034    189.967920   -1.28626   -0.46481   -0.70870    0

 Final occupancy:  10

 !RHF STATE 1.1 Energy               -152.121750337071
 Nuclear energy                        37.71674509
 One-electron energy                 -284.82245552
 Two-electron energy                   94.98396009
 Virial quotient                       -1.00159526
 !RHF STATE 1.1 Dipole moment          -1.28626468    -0.46480722    -0.70870043
 Dipole moment /Debye                  -3.26914459    -1.18134473    -1.80121883

 Orbital energies:

         1.1          2.1          3.1          4.1          5.1          6.1          7.1          8.1          9.1         10.1
    -20.598135   -20.527059    -1.383229    -1.308435    -0.750244    -0.697459    -0.610219    -0.559861    -0.520821    -0.471804

        11.1         12.1
      0.019561     0.041819


 **********************************************************************************************************************************
 DATASETS  * FILE   NREC   LENGTH (MB)   RECORD NAMES
              1      19        4.23       500      610      700      702      900      950      970     1002      129      960   
                                          VAR    BASINP    GEOM     GEOM    SYMINP    ZMAT    AOBASIS   BASIS     P2S    ABASIS    
                                         1100     1400     1410     1200     1210     1080     1600     1650     1700   
                                           S        T        V       H0       H01     AOSYM     SMH    MOLCAS    OPER   

              2      10       10.25       700     1000     2100      701     1001     2101     2102      702     1002     2103   
                                         GEOM     BASIS     RHF     GEOM     BASIS     RHF      RHF     GEOM     BASIS     RHF  

 PROGRAMS   *        TOTAL        HF       INT       MP2        HF       INT       MP2        HF       INT       MP2        HF
 CPU TIMES  *       163.88      3.93      4.66      3.54     11.21     11.31      3.58     10.06     11.17     18.24     43.34
 REAL TIME  *       212.38 SEC
 DISK USED  *        18.79 GB      
 SF USED    *       426.00 MB      
 GA USED    *         0.00 MB       (max)       0.00 MB       (current)
 **********************************************************************************************************************************


1PROGRAM * MP2 (Closed-shell)     Authors: C. Hampel, H.-J. Werner, 1991, M. Deegan, P.J. Knowles, 1992


 Convergence thresholds:  THRVAR = 1.00D-08  THRDEN = 1.00D-06

 Number of core orbitals:           2 (   2 )
 Number of closed-shell orbitals:   8 (   8 )
 Number of external orbitals:     174 ( 174 )

 Molecular orbitals read from record     2103.2  Type=RHF/CANONICAL (state 1.1)

 Number of N-1 electron functions:               8
 Number of N-2 electron functions:              36
 Number of singly external CSFs:              1392
 Number of doubly external CSFs:            969528
 Total number of CSFs:                      970921

 Length of J-op  integral file:               0.00 MB
 Length of K-op  integral file:               2.34 MB

 Integral transformation finished. Total CPU:   0.86 sec, npass=  1  Memory used:   2.80 MW

 Memory needed for MP2:                      0.17 MW

 SCS-MP2 correlation energy:           -0.535238076784   (PS=  1.200000  PT=  0.333333)
 SCS-MP2 total energy:               -152.656988413855


  Reference energy                   -152.121750337071
  MP2 singlet pair energy              -0.342896196433
  MP2 triplet pair energy              -0.198904244568
  MP2 correlation energy               -0.541800441001

 !MP2 total energy                   -152.663550778072


 **********************************************************************************************************************************
 DATASETS  * FILE   NREC   LENGTH (MB)   RECORD NAMES
              1      20       19.48       500      610      700      702      900      950      970     1002      129      960   
                                          VAR    BASINP    GEOM     GEOM    SYMINP    ZMAT    AOBASIS   BASIS     P2S    ABASIS    
                                         1100     1400     1410     1200     1210     1080     1600     1650     1700     1380   
                                           S        T        V       H0       H01     AOSYM     SMH    MOLCAS    OPER     JKOP   

              2      10       10.25       700     1000     2100      701     1001     2101     2102      702     1002     2103   
                                         GEOM     BASIS     RHF     GEOM     BASIS     RHF      RHF     GEOM     BASIS     RHF  

 PROGRAMS   *        TOTAL       MP2        HF       INT       MP2        HF       INT       MP2        HF       INT       MP2
 CPU TIMES  *       164.77      0.89      3.93      4.66      3.54     11.21     11.31      3.58     10.06     11.17     18.24
 REAL TIME  *       213.35 SEC
 DISK USED  *        18.79 GB      
 SF USED    *       426.00 MB      
 GA USED    *         0.00 MB       (max)       0.00 MB       (current)
 **********************************************************************************************************************************
 SETTING V_DIMER(3)     =      -152.66355078  AU                              
 SETTING GEOMTYP        =    XYZ


 Recomputing integrals since geometry and symmetry changed


 Using spherical harmonics

 Library entry O      S aug-cc-pVTZ          selected for orbital group  1
 Library entry O      P aug-cc-pVTZ          selected for orbital group  1
 Library entry O      D aug-cc-pVTZ          selected for orbital group  1
 Library entry O      F aug-cc-pVTZ          selected for orbital group  1
 Library entry C      S aug-cc-pVTZ          selected for orbital group  2
 Library entry C      P aug-cc-pVTZ          selected for orbital group  2
 Library entry C      D aug-cc-pVTZ          selected for orbital group  2
 Library entry C      F aug-cc-pVTZ          selected for orbital group  2

1PROGRAM * SEWARD (Integral evaluation for generally contracted gaussian basis sets)     Author: Roland Lindh, 1990

 Geometry written to block  1 of record 703


 Point group  C1  



 ATOMIC COORDINATES

 NR  ATOM    CHARGE       X              Y              Z

   1  O       8.00   -0.510398002    2.116790521   -0.251614805
   2  O       8.00    0.516017650   -2.115971911    0.255650485
   3  C       6.00    0.000000000    0.000000000    0.000000000

 Bond lengths in Bohr (Angstrom)

 1-3  2.191943941  2-3  2.192936048
     (1.159926777)     (1.160451778)

 Bond angles

  1-3-2  179.81978783

 NUCLEAR CHARGE:                   22
 NUMBER OF PRIMITIVE AOS:         201
 NUMBER OF SYMMETRY AOS:          174
 NUMBER OF CONTRACTIONS:          138   ( 138A   )
 NUMBER OF CORE ORBITALS:           3   (   3A   )
 NUMBER OF VALENCE ORBITALS:       12   (  12A   )

 MOLECULE CHANGED: INITIALIZING OCCUPATION AND DUMP RECORDS


 NUCLEAR REPULSION ENERGY   58.38246191


 Eigenvalues of metric

         1 0.348E-03 0.419E-03 0.896E-03 0.915E-03 0.174E-02 0.315E-02 0.315E-02 0.347E-02


 Contracted 2-electron integrals neglected if value below      1.0D-11
 AO integral compression algorithm  1   Integral accuracy      1.0D-11

     243.794 MB (compressed) written to integral file ( 51.5%)

     Node minimum: 77.070 MB, node maximum: 84.673 MB


 NUMBER OF SORTED TWO-ELECTRON INTEGRALS:   15336009.     BUFFER LENGTH:  32768
 NUMBER OF SEGMENTS:   1  SEGMENT LENGTH:   15336009      RECORD LENGTH: 524288

 Memory used in sort:      15.89 MW

 SORT1 READ    59073887. AND WROTE    14775779. INTEGRALS IN     43 RECORDS. CPU TIME:     0.64 SEC, REAL TIME:     0.77 SEC
 SORT2 READ    44341839. AND WROTE    45998436. INTEGRALS IN    939 RECORDS. CPU TIME:     0.22 SEC, REAL TIME:     0.33 SEC

 Node minimum:    15329615.  Node maximum:    15336009. integrals

 OPERATOR DM      FOR CENTER  0  COORDINATES:    0.000000    0.000000    0.000000


 **********************************************************************************************************************************
 DATASETS  * FILE   NREC   LENGTH (MB)   RECORD NAMES
              1      19        3.63       500      610      700      703      900      950      970     1003      129      960   
                                          VAR    BASINP    GEOM     GEOM    SYMINP    ZMAT    AOBASIS   BASIS     P2S    ABASIS    
                                         1100     1400     1410     1200     1210     1080     1600     1650     1700   
                                           S        T        V       H0       H01     AOSYM     SMH    MOLCAS    OPER   

              2      12       11.18       700     1000     2100      701     1001     2101     2102      702     1002     2103   
                                         GEOM     BASIS     RHF     GEOM     BASIS     RHF      RHF     GEOM     BASIS     RHF  
                                          703     1003   
                                         GEOM     BASIS   

 PROGRAMS   *        TOTAL       INT       MP2        HF       INT       MP2        HF       INT       MP2        HF       INT
 CPU TIMES  *       166.37      1.60      0.89      3.93      4.66      3.54     11.21     11.31      3.58     10.06     11.17
 REAL TIME  *       215.30 SEC
 DISK USED  *        18.79 GB      
 SF USED    *       426.00 MB      
 GA USED    *         0.00 MB       (max)       0.00 MB       (current)
 **********************************************************************************************************************************

1PROGRAM * RHF-SCF (CLOSED SHELL)       Authors: W. Meyer, H.-J. Werner


 NUMBER OF ELECTRONS:      11+   11-    SPACE SYMMETRY=1    SPIN SYMMETRY=Singlet 
 CONVERGENCE THRESHOLDS:    1.00E-05 (Density)    1.00E-07 (Energy)
 MAX. NUMBER OF ITERATIONS:       60
 INTERPOLATION TYPE:            DIIS
 INTERPOLATION STEPS:              2 (START)      1 (STEP)
 LEVEL SHIFTS:                  0.00 (CLOSED)  0.00 (OPEN) 



 Orbital guess generated from atomic densities. Full valence occupancy:   15

 Molecular orbital dump at record        2104.2

 ITERATION    DDIFF          GRAD             ENERGY        2-EL.EN.            DIPOLE MOMENTS         DIIS
    1      0.000D+00      0.000D+00      -187.63856454    252.905968   -0.00472    0.00077   -0.00331    0
    2      0.000D+00      0.643D-02      -187.67704632    251.945099   -0.00094    0.00055   -0.00064    1
    3      0.100D-01      0.451D-02      -187.70914815    252.971353   -0.00241    0.00090   -0.00167    2
    4      0.439D-02      0.376D-03      -187.70943092    252.766494   -0.00231    0.00071   -0.00160    3
    5      0.438D-03      0.109D-03      -187.70946259    252.805752   -0.00233    0.00089   -0.00161    4
    6      0.169D-03      0.265D-04      -187.70946471    252.801312   -0.00228    0.00070   -0.00158    5
    7      0.512D-04      0.347D-05      -187.70946476    252.801708   -0.00235    0.00096   -0.00162    6
    8      0.714D-05      0.193D-05      -187.70946476    252.801694   -0.00228    0.00068   -0.00158    0

 Final occupancy:  11

 !RHF STATE 1.1 Energy               -187.709464763657
 Nuclear energy                        58.38246191
 One-electron energy                 -372.49277389
 Two-electron energy                  126.40084722
 Virial quotient                       -1.00188669
 !RHF STATE 1.1 Dipole moment          -0.00227832     0.00068408    -0.00158286
 Dipole moment /Debye                  -0.00579053     0.00173864    -0.00402297

 Orbital energies:

         1.1          2.1          3.1          4.1          5.1          6.1          7.1          8.1          9.1         10.1
    -20.652994   -20.652933   -11.461117    -1.532221    -1.479174    -0.801118    -0.743970    -0.716057    -0.716057    -0.544950

        11.1         12.1         13.1
     -0.544950     0.047377     0.072822


 **********************************************************************************************************************************
 DATASETS  * FILE   NREC   LENGTH (MB)   RECORD NAMES
              1      19        3.63       500      610      700      703      900      950      970     1003      129      960   
                                          VAR    BASINP    GEOM     GEOM    SYMINP    ZMAT    AOBASIS   BASIS     P2S    ABASIS    
                                         1100     1400     1410     1200     1210     1080     1600     1650     1700   
                                           S        T        V       H0       H01     AOSYM     SMH    MOLCAS    OPER   

              2      13       11.60       700     1000     2100      701     1001     2101     2102      702     1002     2103   
                                         GEOM     BASIS     RHF     GEOM     BASIS     RHF      RHF     GEOM     BASIS     RHF  
                                          703     1003     2104   
                                         GEOM     BASIS     RHF  

 PROGRAMS   *        TOTAL        HF       INT       MP2        HF       INT       MP2        HF       INT       MP2        HF
 CPU TIMES  *       167.43      1.06      1.60      0.89      3.93      4.66      3.54     11.21     11.31      3.58     10.06
 REAL TIME  *       216.46 SEC
 DISK USED  *        18.79 GB      
 SF USED    *       426.00 MB      
 GA USED    *         0.00 MB       (max)       0.00 MB       (current)
 **********************************************************************************************************************************


1PROGRAM * MP2 (Closed-shell)     Authors: C. Hampel, H.-J. Werner, 1991, M. Deegan, P.J. Knowles, 1992


 Convergence thresholds:  THRVAR = 1.00D-08  THRDEN = 1.00D-06

 Number of core orbitals:           3 (   3 )
 Number of closed-shell orbitals:   8 (   8 )
 Number of external orbitals:     127 ( 127 )

 Molecular orbitals read from record     2104.2  Type=RHF/CANONICAL (state 1.1)

 Number of N-1 electron functions:               8
 Number of N-2 electron functions:              36
 Number of singly external CSFs:              1016
 Number of doubly external CSFs:            516636
 Total number of CSFs:                      517653

 Length of J-op  integral file:               0.00 MB
 Length of K-op  integral file:               1.32 MB

 Integral transformation finished. Total CPU:   0.28 sec, npass=  1  Memory used:   1.58 MW

 Memory needed for MP2:                      0.09 MW

 SCS-MP2 correlation energy:           -0.592657808886   (PS=  1.200000  PT=  0.333333)
 SCS-MP2 total energy:               -188.302122572543


  Reference energy                   -187.709464763657
  MP2 singlet pair energy              -0.366910145915
  MP2 triplet pair energy              -0.244873340017
  MP2 correlation energy               -0.611783485932

 !MP2 total energy                   -188.321248249589


 **********************************************************************************************************************************
 DATASETS  * FILE   NREC   LENGTH (MB)   RECORD NAMES
              1      20       12.22       500      610      700      703      900      950      970     1003      129      960   
                                          VAR    BASINP    GEOM     GEOM    SYMINP    ZMAT    AOBASIS   BASIS     P2S    ABASIS    
                                         1100     1400     1410     1200     1210     1080     1600     1650     1700     1380   
                                           S        T        V       H0       H01     AOSYM     SMH    MOLCAS    OPER     JKOP   

              2      13       11.60       700     1000     2100      701     1001     2101     2102      702     1002     2103   
                                         GEOM     BASIS     RHF     GEOM     BASIS     RHF      RHF     GEOM     BASIS     RHF  
                                          703     1003     2104   
                                         GEOM     BASIS     RHF  

 PROGRAMS   *        TOTAL       MP2        HF       INT       MP2        HF       INT       MP2        HF       INT       MP2
 CPU TIMES  *       167.73      0.30      1.06      1.60      0.89      3.93      4.66      3.54     11.21     11.31      3.58
 REAL TIME  *       216.81 SEC
 DISK USED  *        18.79 GB      
 SF USED    *       426.00 MB      
 GA USED    *         0.00 MB       (max)       0.00 MB       (current)
 **********************************************************************************************************************************
 SETTING V_MONOMER(1)   =      -188.32124825  AU                              
 SETTING GEOMTYP        =    XYZ


 Recomputing integrals since geometry and symmetry changed


 Using spherical harmonics

 Library entry H      S aug-cc-pVTZ          selected for orbital group  1
 Library entry H      P aug-cc-pVTZ          selected for orbital group  1
 Library entry H      D aug-cc-pVTZ          selected for orbital group  1
 Library entry O      S aug-cc-pVTZ          selected for orbital group  2
 Library entry O      P aug-cc-pVTZ          selected for orbital group  2
 Library entry O      D aug-cc-pVTZ          selected for orbital group  2
 Library entry O      F aug-cc-pVTZ          selected for orbital group  2

1PROGRAM * SEWARD (Integral evaluation for generally contracted gaussian basis sets)     Author: Roland Lindh, 1990

 Geometry written to block  1 of record 704


 Point group  C1  



 ATOMIC COORDINATES

 NR  ATOM    CHARGE       X              Y              Z

   1  H       1.00   -0.690952943   -3.806393030    5.462022250
   2  H       1.00   -2.908066927   -1.906459637    5.811176365
   3  O       8.00   -1.281820076   -2.408616543    6.477140213

 Bond lengths in Bohr (Angstrom)

 1-3  1.825751229  2-3  1.827661956
     (0.966145940)     (0.967157053)

 Bond angles

  1-3-2  107.20057278

 NUCLEAR CHARGE:                   10
 NUMBER OF PRIMITIVE AOS:         121
 NUMBER OF SYMMETRY AOS:          108
 NUMBER OF CONTRACTIONS:           92   (  92A   )
 NUMBER OF CORE ORBITALS:           1   (   1A   )
 NUMBER OF VALENCE ORBITALS:        6   (   6A   )

 MOLECULE CHANGED: INITIALIZING OCCUPATION AND DUMP RECORDS


 NUCLEAR REPULSION ENERGY    9.09899930


 Eigenvalues of metric

         1 0.385E-03 0.397E-03 0.173E-02 0.187E-02 0.328E-02 0.537E-02 0.566E-02 0.602E-02


 Contracted 2-electron integrals neglected if value below      1.0D-11
 AO integral compression algorithm  1   Integral accuracy      1.0D-11

     53.740 MB (compressed) written to integral file ( 53.8%)

     Node minimum: 16.777 MB, node maximum: 18.874 MB


 NUMBER OF SORTED TWO-ELECTRON INTEGRALS:    3052353.     BUFFER LENGTH:  32768
 NUMBER OF SEGMENTS:   1  SEGMENT LENGTH:    3052353      RECORD LENGTH: 524288

 Memory used in sort:       3.61 MW

 SORT1 READ    12487802. AND WROTE     2849304. INTEGRALS IN      9 RECORDS. CPU TIME:     0.14 SEC, REAL TIME:     0.17 SEC
 SORT2 READ     8560925. AND WROTE     9152781. INTEGRALS IN    216 RECORDS. CPU TIME:     0.05 SEC, REAL TIME:     0.08 SEC

 Node minimum:     3049501.  Node maximum:     3052353. integrals

 OPERATOR DM      FOR CENTER  0  COORDINATES:    0.000000    0.000000    0.000000


 **********************************************************************************************************************************
 DATASETS  * FILE   NREC   LENGTH (MB)   RECORD NAMES
              1      19        3.23       500      610      700      704      900      950      970     1004      129      960   
                                          VAR    BASINP    GEOM     GEOM    SYMINP    ZMAT    AOBASIS   BASIS     P2S    ABASIS    
                                         1100     1400     1410     1200     1210     1080     1600     1650     1700   
                                           S        T        V       H0       H01     AOSYM     SMH    MOLCAS    OPER   

              2      15       12.22       700     1000     2100      701     1001     2101     2102      702     1002     2103   
                                         GEOM     BASIS     RHF     GEOM     BASIS     RHF      RHF     GEOM     BASIS     RHF  
                                          703     1003     2104      704     1004   
                                         GEOM     BASIS     RHF     GEOM     BASIS   

 PROGRAMS   *        TOTAL       INT       MP2        HF       INT       MP2        HF       INT       MP2        HF       INT
 CPU TIMES  *       168.06      0.32      0.30      1.06      1.60      0.89      3.93      4.66      3.54     11.21     11.31
 REAL TIME  *       217.24 SEC
 DISK USED  *        18.79 GB      
 SF USED    *       426.00 MB      
 GA USED    *         0.00 MB       (max)       0.00 MB       (current)
 **********************************************************************************************************************************

1PROGRAM * RHF-SCF (CLOSED SHELL)       Authors: W. Meyer, H.-J. Werner


 NUMBER OF ELECTRONS:       5+    5-    SPACE SYMMETRY=1    SPIN SYMMETRY=Singlet 
 CONVERGENCE THRESHOLDS:    1.00E-05 (Density)    1.00E-07 (Energy)
 MAX. NUMBER OF ITERATIONS:       60
 INTERPOLATION TYPE:            DIIS
 INTERPOLATION STEPS:              2 (START)      1 (STEP)
 LEVEL SHIFTS:                  0.00 (CLOSED)  0.00 (OPEN) 



 Orbital guess generated from atomic densities. Full valence occupancy:    7

 Molecular orbital dump at record        2105.2

 ITERATION    DDIFF          GRAD             ENERGY        2-EL.EN.            DIPOLE MOMENTS         DIIS
    1      0.000D+00      0.000D+00       -76.02215209     77.534042   -0.53267   -0.46033   -0.86441    0
    2      0.000D+00      0.655D-02       -76.04861834     73.941362   -0.31461   -0.27229   -0.51096    1
    3      0.110D-01      0.412D-02       -76.05956083     75.517363   -0.36812   -0.31852   -0.59778    2
    4      0.392D-02      0.380D-03       -76.05974528     75.428936   -0.36627   -0.31700   -0.59487    3
    5      0.502D-03      0.103D-03       -76.05976335     75.442261   -0.36556   -0.31641   -0.59373    4
    6      0.146D-03      0.196D-04       -76.05976441     75.441497   -0.36543   -0.31631   -0.59355    5
    7      0.344D-04      0.379D-05       -76.05976446     75.441620   -0.36538   -0.31627   -0.59346    6
    8      0.879D-05      0.117D-05       -76.05976447     75.441561   -0.36536   -0.31625   -0.59343    0

 Final occupancy:   5

 !RHF STATE 1.1 Energy                -76.059764465930
 Nuclear energy                         9.09899930
 One-electron energy                 -122.87954403
 Two-electron energy                   37.72078027
 Virial quotient                       -1.00187948
 !RHF STATE 1.1 Dipole moment          -0.36536301    -0.31625405    -0.59343380
 Dipole moment /Debye                  -0.92859933    -0.80378497    -1.50825948

 Orbital energies:

         1.1          2.1          3.1          4.1          5.1          6.1          7.1
    -20.567635    -1.346911    -0.717741    -0.577927    -0.508776     0.029489     0.047479


 **********************************************************************************************************************************
 DATASETS  * FILE   NREC   LENGTH (MB)   RECORD NAMES
              1      19        3.23       500      610      700      704      900      950      970     1004      129      960   
                                          VAR    BASINP    GEOM     GEOM    SYMINP    ZMAT    AOBASIS   BASIS     P2S    ABASIS    
                                         1100     1400     1410     1200     1210     1080     1600     1650     1700   
                                           S        T        V       H0       H01     AOSYM     SMH    MOLCAS    OPER   

              2      16       12.42       700     1000     2100      701     1001     2101     2102      702     1002     2103   
                                         GEOM     BASIS     RHF     GEOM     BASIS     RHF      RHF     GEOM     BASIS     RHF  
                                          703     1003     2104      704     1004     2105   
                                         GEOM     BASIS     RHF     GEOM     BASIS     RHF  

 PROGRAMS   *        TOTAL        HF       INT       MP2        HF       INT       MP2        HF       INT       MP2        HF
 CPU TIMES  *       168.28      0.22      0.32      0.30      1.06      1.60      0.89      3.93      4.66      3.54     11.21
 REAL TIME  *       217.48 SEC
 DISK USED  *        18.79 GB      
 SF USED    *       426.00 MB      
 GA USED    *         0.00 MB       (max)       0.00 MB       (current)
 **********************************************************************************************************************************


1PROGRAM * MP2 (Closed-shell)     Authors: C. Hampel, H.-J. Werner, 1991, M. Deegan, P.J. Knowles, 1992


 Convergence thresholds:  THRVAR = 1.00D-08  THRDEN = 1.00D-06

 Number of core orbitals:           1 (   1 )
 Number of closed-shell orbitals:   4 (   4 )
 Number of external orbitals:      87 (  87 )

 Molecular orbitals read from record     2105.2  Type=RHF/CANONICAL (state 1.1)

 Number of N-1 electron functions:               4
 Number of N-2 electron functions:              10
 Number of singly external CSFs:               348
 Number of doubly external CSFs:             60726
 Total number of CSFs:                       61075

 Length of J-op  integral file:               0.00 MB
 Length of K-op  integral file:               0.59 MB

 Integral transformation finished. Total CPU:   0.05 sec, npass=  1  Memory used:   0.33 MW

 Memory needed for MP2:                      0.04 MW

 SCS-MP2 correlation energy:           -0.266138044753   (PS=  1.200000  PT=  0.333333)
 SCS-MP2 total energy:                -76.325902510683


  Reference energy                    -76.059764465930
  MP2 singlet pair energy              -0.171022214952
  MP2 triplet pair energy              -0.097893300230
  MP2 correlation energy               -0.268915515182

 !MP2 total energy                    -76.328679981113


 **********************************************************************************************************************************
 DATASETS  * FILE   NREC   LENGTH (MB)   RECORD NAMES
              1      20        4.39       500      610      700      704      900      950      970     1004      129      960   
                                          VAR    BASINP    GEOM     GEOM    SYMINP    ZMAT    AOBASIS   BASIS     P2S    ABASIS    
                                         1100     1400     1410     1200     1210     1080     1600     1650     1700     1380   
                                           S        T        V       H0       H01     AOSYM     SMH    MOLCAS    OPER     JKOP   

              2      16       12.42       700     1000     2100      701     1001     2101     2102      702     1002     2103   
                                         GEOM     BASIS     RHF     GEOM     BASIS     RHF      RHF     GEOM     BASIS     RHF  
                                          703     1003     2104      704     1004     2105   
                                         GEOM     BASIS     RHF     GEOM     BASIS     RHF  

 PROGRAMS   *        TOTAL       MP2        HF       INT       MP2        HF       INT       MP2        HF       INT       MP2
 CPU TIMES  *       168.35      0.07      0.22      0.32      0.30      1.06      1.60      0.89      3.93      4.66      3.54
 REAL TIME  *       217.57 SEC
 DISK USED  *        18.79 GB      
 SF USED    *       426.00 MB      
 GA USED    *         0.00 MB       (max)       0.00 MB       (current)
 **********************************************************************************************************************************
 SETTING V_MONOMER(2)   =       -76.32867998  AU                              
 SETTING GEOMTYP        =    XYZ


 Recomputing integrals since geometry changed

1PROGRAM * SEWARD (Integral evaluation for generally contracted gaussian basis sets)     Author: Roland Lindh, 1990

 Geometry written to block  1 of record 704


 Point group  C1  



 ATOMIC COORDINATES

 NR  ATOM    CHARGE       X              Y              Z

   1  H       1.00    1.334097629    2.989423946    5.792416468
   2  H       1.00    0.846238240    0.134324322    6.419094062
   3  O       8.00    2.150331459    1.429538890    6.283351236

 Bond lengths in Bohr (Angstrom)

 1-3  1.827702382  2-3  1.843004616
     (0.967178445)     (0.975276039)

 Bond angles

  1-3-2  107.67245804

 NUCLEAR CHARGE:                   10
 NUMBER OF PRIMITIVE AOS:         121
 NUMBER OF SYMMETRY AOS:          108
 NUMBER OF CONTRACTIONS:           92   (  92A   )
 NUMBER OF CORE ORBITALS:           1   (   1A   )
 NUMBER OF VALENCE ORBITALS:        6   (   6A   )


 NUCLEAR REPULSION ENERGY    9.05525713


 Eigenvalues of metric

         1 0.386E-03 0.402E-03 0.176E-02 0.188E-02 0.333E-02 0.549E-02 0.574E-02 0.608E-02


 Contracted 2-electron integrals neglected if value below      1.0D-11
 AO integral compression algorithm  1   Integral accuracy      1.0D-11

     53.477 MB (compressed) written to integral file ( 53.4%)

     Node minimum: 16.515 MB, node maximum: 18.874 MB


 NUMBER OF SORTED TWO-ELECTRON INTEGRALS:    3052353.     BUFFER LENGTH:  32768
 NUMBER OF SEGMENTS:   1  SEGMENT LENGTH:    3052353      RECORD LENGTH: 524288

 Memory used in sort:       3.61 MW

 SORT1 READ    12487802. AND WROTE     2848895. INTEGRALS IN      9 RECORDS. CPU TIME:     0.14 SEC, REAL TIME:     0.17 SEC
 SORT2 READ     8560029. AND WROTE     9152781. INTEGRALS IN    216 RECORDS. CPU TIME:     0.06 SEC, REAL TIME:     0.08 SEC

 Node minimum:     3049501.  Node maximum:     3052353. integrals

 OPERATOR DM      FOR CENTER  0  COORDINATES:    0.000000    0.000000    0.000000


 **********************************************************************************************************************************
 DATASETS  * FILE   NREC   LENGTH (MB)   RECORD NAMES
              1      19        3.23       500      610      700      704      900      950      970     1004      129      960   
                                          VAR    BASINP    GEOM     GEOM    SYMINP    ZMAT    AOBASIS   BASIS     P2S    ABASIS    
                                         1100     1400     1410     1200     1210     1080     1600     1650     1700   
                                           S        T        V       H0       H01     AOSYM     SMH    MOLCAS    OPER   

              2      16       12.42       700     1000     2100      701     1001     2101     2102      702     1002     2103   
                                         GEOM     BASIS     RHF     GEOM     BASIS     RHF      RHF     GEOM     BASIS     RHF  
                                          703     1003     2104      704     1004     2105   
                                         GEOM     BASIS     RHF     GEOM     BASIS     RHF  

 PROGRAMS   *        TOTAL       INT       MP2        HF       INT       MP2        HF       INT       MP2        HF       INT
 CPU TIMES  *       168.69      0.34      0.07      0.22      0.32      0.30      1.06      1.60      0.89      3.93      4.66
 REAL TIME  *       218.00 SEC
 DISK USED  *        18.79 GB      
 SF USED    *       426.00 MB      
 GA USED    *         0.00 MB       (max)       0.00 MB       (current)
 **********************************************************************************************************************************

1PROGRAM * RHF-SCF (CLOSED SHELL)       Authors: W. Meyer, H.-J. Werner


 NUMBER OF ELECTRONS:       5+    5-    SPACE SYMMETRY=1    SPIN SYMMETRY=Singlet 
 CONVERGENCE THRESHOLDS:    1.00E-05 (Density)    1.00E-07 (Energy)
 MAX. NUMBER OF ITERATIONS:       60
 INTERPOLATION TYPE:            DIIS
 INTERPOLATION STEPS:              2 (START)      1 (STEP)
 LEVEL SHIFTS:                  0.00 (CLOSED)  0.00 (OPEN) 



 Molecular orbitals read from record     2105.2  Type=RHF/CANONICAL (state 1.1)

 Molecular orbital dump at record        2106.2

 ITERATION    DDIFF          GRAD             ENERGY        2-EL.EN.            DIPOLE MOMENTS         DIIS
    1      0.000D+00      0.000D+00       -74.72161361     80.762991   -1.19344    0.36229   -0.34662    0
    2      0.000D+00      0.247D-01       -75.88913024     71.926973   -0.67976    0.54654   -0.05371    1
    3      0.822D-01      0.111D-01       -76.02103378     76.482885   -0.87834    0.25442   -0.10540    2
    4      0.137D-01      0.455D-02       -76.05353909     75.089147   -0.73936    0.13216   -0.09177    3
    5      0.719D-02      0.143D-02       -76.05866291     75.391425   -0.75064    0.11013   -0.11302    4
    6      0.246D-02      0.380D-03       -76.05913635     75.374963   -0.74623    0.09326   -0.12120    5
    7      0.889D-03      0.832D-04       -76.05915645     75.378041   -0.74718    0.09471   -0.12430    6
    8      0.162D-03      0.248D-04       -76.05915851     75.376593   -0.74720    0.09451   -0.12526    7
    9      0.514D-04      0.572D-05       -76.05915862     75.376880   -0.74719    0.09450   -0.12545    7
   10      0.137D-04      0.857D-06       -76.05915863     75.376889   -0.74718    0.09451   -0.12546    6
   11      0.193D-05      0.280D-06       -76.05915863     75.376848   -0.74718    0.09451   -0.12547    0

 Final occupancy:   5

 !RHF STATE 1.1 Energy                -76.059158625398
 Nuclear energy                         9.05525713
 One-electron energy                 -122.80283958
 Two-electron energy                   37.68842383
 Virial quotient                       -1.00211123
 !RHF STATE 1.1 Dipole moment          -0.74717881     0.09451417    -0.12546598
 Dipole moment /Debye                  -1.89901472     0.24021533    -0.31888182

 Orbital energies:

         1.1          2.1          3.1          4.1          5.1          6.1          7.1
    -20.568194    -1.344320    -0.716078    -0.576145    -0.508258     0.029456     0.047431


 **********************************************************************************************************************************
 DATASETS  * FILE   NREC   LENGTH (MB)   RECORD NAMES
              1      19        3.23       500      610      700      704      900      950      970     1004      129      960   
                                          VAR    BASINP    GEOM     GEOM    SYMINP    ZMAT    AOBASIS   BASIS     P2S    ABASIS    
                                         1100     1400     1410     1200     1210     1080     1600     1650     1700   
                                           S        T        V       H0       H01     AOSYM     SMH    MOLCAS    OPER   

              2      17       12.80       700     1000     2100      701     1001     2101     2102      702     1002     2103   
                                         GEOM     BASIS     RHF     GEOM     BASIS     RHF      RHF     GEOM     BASIS     RHF  
                                          703     1003     2104      704     1004     2105     2106   
                                         GEOM     BASIS     RHF     GEOM     BASIS     RHF      RHF  

 PROGRAMS   *        TOTAL        HF       INT       MP2        HF       INT       MP2        HF       INT       MP2        HF
 CPU TIMES  *       168.96      0.27      0.34      0.07      0.22      0.32      0.30      1.06      1.60      0.89      3.93
 REAL TIME  *       218.30 SEC
 DISK USED  *        18.79 GB      
 SF USED    *       426.00 MB      
 GA USED    *         0.00 MB       (max)       0.00 MB       (current)
 **********************************************************************************************************************************


1PROGRAM * MP2 (Closed-shell)     Authors: C. Hampel, H.-J. Werner, 1991, M. Deegan, P.J. Knowles, 1992


 Convergence thresholds:  THRVAR = 1.00D-08  THRDEN = 1.00D-06

 Number of core orbitals:           1 (   1 )
 Number of closed-shell orbitals:   4 (   4 )
 Number of external orbitals:      87 (  87 )

 Molecular orbitals read from record     2106.2  Type=RHF/CANONICAL (state 1.1)

 Number of N-1 electron functions:               4
 Number of N-2 electron functions:              10
 Number of singly external CSFs:               348
 Number of doubly external CSFs:             60726
 Total number of CSFs:                       61075

 Length of J-op  integral file:               0.00 MB
 Length of K-op  integral file:               0.59 MB

 Integral transformation finished. Total CPU:   0.04 sec, npass=  1  Memory used:   0.33 MW

 Memory needed for MP2:                      0.04 MW

 SCS-MP2 correlation energy:           -0.266474879485   (PS=  1.200000  PT=  0.333333)
 SCS-MP2 total energy:                -76.325633504883


  Reference energy                    -76.059158625398
  MP2 singlet pair energy              -0.171243463051
  MP2 triplet pair energy              -0.098007949001
  MP2 correlation energy               -0.269251412053

 !MP2 total energy                    -76.328410037451


 **********************************************************************************************************************************
 DATASETS  * FILE   NREC   LENGTH (MB)   RECORD NAMES
              1      20        4.39       500      610      700      704      900      950      970     1004      129      960   
                                          VAR    BASINP    GEOM     GEOM    SYMINP    ZMAT    AOBASIS   BASIS     P2S    ABASIS    
                                         1100     1400     1410     1200     1210     1080     1600     1650     1700     1380   
                                           S        T        V       H0       H01     AOSYM     SMH    MOLCAS    OPER     JKOP   

              2      17       12.80       700     1000     2100      701     1001     2101     2102      702     1002     2103   
                                         GEOM     BASIS     RHF     GEOM     BASIS     RHF      RHF     GEOM     BASIS     RHF  
                                          703     1003     2104      704     1004     2105     2106   
                                         GEOM     BASIS     RHF     GEOM     BASIS     RHF      RHF  

 PROGRAMS   *        TOTAL       MP2        HF       INT       MP2        HF       INT       MP2        HF       INT       MP2
 CPU TIMES  *       169.03      0.07      0.27      0.34      0.07      0.22      0.32      0.30      1.06      1.60      0.89
 REAL TIME  *       218.38 SEC
 DISK USED  *        18.79 GB      
 SF USED    *       426.00 MB      
 GA USED    *         0.00 MB       (max)       0.00 MB       (current)
 **********************************************************************************************************************************
 SETTING V_MONOMER(3)   =       -76.32841004  AU                              
 SETTING V2B(1)         =        -0.00160708  AU                              
 SETTING V2B(2)         =        -0.00154160  AU                              
 SETTING V2B(3)         =        -0.00646076  AU                              
 SETTING V2BALL         =        -0.00960944  AU                              
 SETTING V1BALL         =      -340.97833827  AU                              
 SETTING V3B            =        -0.00018669  AU                              
 V_TRIMER         =      -340.98813440 AU
 V_DIMER(1:3)     = [    -264.65153531  -264.65119989  -152.66355078] AU
 V_MONOMER(1:3)   = [    -188.32124825   -76.32867998   -76.32841004] AU
 V1BALL           =      -340.97833827 AU
 V2B(1:3)         = [      -0.00160708    -0.00154160    -0.00646076] AU
 V2BALL           =        -0.00960944 AU
 V3B              =        -0.00018669 AU

        MP2             HF-SCF          MP2             HF-SCF          MP2             HF-SCF          MP2             HF-SCF  
    -76.32841004    -76.05915863    -76.32867998    -76.05976447   -188.32124825   -187.70946476   -152.66355078   -152.12175034
 **********************************************************************************************************************************
 Variable memory released
